<?xml version="1.0" encoding="UTF-8"?>
<coverage generated="1628114802846" clover="3.2.0">
  <project timestamp="1628114802846" name="All files">
    <metrics statements="11" coveredstatements="11" conditionals="2" coveredconditionals="2" methods="6" coveredmethods="6" elements="19" coveredelements="19" complexity="0" loc="11" ncloc="11" packages="1" files="2" classes="2"/>
    <file name="fatura.js" path="C:\Users\jgvil\Documents\GitHub\AS36D-202101-Atv-Avaliativa-01\lib\fatura.js">
      <metrics statements="7" coveredstatements="7" conditionals="2" coveredconditionals="2" methods="5" coveredmethods="5"/>
      <line num="1" count="1" type="stmt"/>
      <line num="5" count="10" type="stmt"/>
      <line num="9" count="4" type="stmt"/>
      <line num="10" count="10" type="stmt"/>
      <line num="16" count="4" type="cond" truecount="2" falsecount="0"/>
      <line num="17" count="4" type="stmt"/>
      <line num="21" count="1" type="stmt"/>
    </file>
    <file name="pagamento.js" path="C:\Users\jgvil\Documents\GitHub\AS36D-202101-Atv-Avaliativa-01\lib\pagamento.js">
      <metrics statements="4" coveredstatements="4" conditionals="0" coveredconditionals="0" methods="1" coveredmethods="1"/>
      <line num="4" count="10" type="stmt"/>
      <line num="5" count="10" type="stmt"/>
      <line num="6" count="10" type="stmt"/>
      <line num="10" count="1" type="stmt"/>
    </file>
  </project>
</coverage>
