<?xml version="1.0" encoding="UTF-8"?>
<coverage generated="1627842010450" clover="3.2.0">
  <project timestamp="1627842010450" name="All files">
    <metrics statements="3" coveredstatements="3" conditionals="0" coveredconditionals="0" methods="1" coveredmethods="1" elements="4" coveredelements="4" complexity="0" loc="3" ncloc="3" packages="1" files="1" classes="1"/>
    <file name="fatura.js" path="C:\Users\jgvil\Documents\GitHub\AS36D-202101-Atv-Avaliativa-01\lib\fatura.js">
      <metrics statements="3" coveredstatements="3" conditionals="0" coveredconditionals="0" methods="1" coveredmethods="1"/>
      <line num="4" count="1" type="stmt"/>
      <line num="5" count="1" type="stmt"/>
      <line num="25" count="1" type="stmt"/>
    </file>
  </project>
</coverage>
