{"C:\\Users\\jgvil\\Documents\\GitHub\\AS36D-202101-Atv-Avaliativa-01\\lib\\fatura.js": {"path":"C:\\Users\\jgvil\\Documents\\GitHub\\AS36D-202101-Atv-Avaliativa-01\\lib\\fatura.js","statementMap":{"0":{"start":{"line":4,"column":24},"end":{"line":4,"column":28}},"1":{"start":{"line":5,"column":8},"end":{"line":7,"column":9}},"2":{"start":{"line":5,"column":21},"end":{"line":5,"column":22}},"3":{"start":{"line":6,"column":12},"end":{"line":6,"column":47}},"4":{"start":{"line":8,"column":8},"end":{"line":9,"column":27}},"5":{"start":{"line":9,"column":12},"end":{"line":9,"column":27}},"6":{"start":{"line":11,"column":18},"end":{"line":11,"column":20}},"7":{"start":{"line":13,"column":8},"end":{"line":19,"column":9}},"8":{"start":{"line":13,"column":21},"end":{"line":13,"column":22}},"9":{"start":{"line":14,"column":12},"end":{"line":18,"column":15}},"10":{"start":{"line":21,"column":8},"end":{"line":21,"column":19}},"11":{"start":{"line":25,"column":0},"end":{"line":25,"column":24}}},"fnMap":{"0":{"name":"(anonymous_0)","decl":{"start":{"line":3,"column":4},"end":{"line":3,"column":5}},"loc":{"start":{"line":3,"column":53},"end":{"line":22,"column":5}},"line":3}},"branchMap":{"0":{"loc":{"start":{"line":8,"column":8},"end":{"line":9,"column":27}},"type":"if","locations":[{"start":{"line":8,"column":8},"end":{"line":9,"column":27}},{"start":{"line":8,"column":8},"end":{"line":9,"column":27}}],"line":8}},"s":{"0":3,"1":3,"2":3,"3":8,"4":3,"5":2,"6":3,"7":3,"8":3,"9":8,"10":3,"11":1},"f":{"0":3},"b":{"0":[2,1]},"_coverageSchema":"1a1c01bbd47fc00a2c39e90264f33305004495a9","hash":"661ea4055e45203c48b1d87ad76978fdbc0df4a6"}
}
