TN:
SF:lib\fatura.js
FN:4,(anonymous_0)
FN:5,(anonymous_1)
FN:8,(anonymous_2)
FN:9,(anonymous_3)
FN:14,(anonymous_4)
FNF:5
FNH:5
FNDA:4,(anonymous_0)
FNDA:10,(anonymous_1)
FNDA:4,(anonymous_2)
FNDA:10,(anonymous_3)
FNDA:4,(anonymous_4)
DA:1,1
DA:5,10
DA:9,4
DA:10,10
DA:16,4
DA:17,4
DA:21,1
LF:7
LH:7
BRDA:16,0,0,3
BRDA:16,0,1,1
BRF:2
BRH:2
end_of_record
TN:
SF:lib\pagamento.js
FN:3,(anonymous_0)
FNF:1
FNH:1
FNDA:10,(anonymous_0)
DA:4,10
DA:5,10
DA:6,10
DA:10,1
LF:4
LH:4
BRF:0
BRH:0
end_of_record
